c[?7l[2J[0mSeaBIOS (version 1.16.2-debian-1.16.2-1)


iPXE (http://ipxe.org) 00:03.0 CA00 PCI2.10 PnP PMM+1EFCF160+1EF0F160 CA00
Press Ctrl-B to configure iPXE (PCI 00:03.0)...                                                                               


Booting from Hard Disk...
Boot failed: could not read the boot disk

Booting from Floppy...
Boot failed: could not read the boot disk

Booting from DVD/CD...
[0;30;47mWelcome to GRUB!

[01;01H[0m[2J[02;24HGNU GRUB  version 2.06-13+deb12u1[04;02Hâ”Œâ”€[04;03H[04;04Hâ”€â”€â”€â”€â”€â”€â”€â”€â”€â”€â”€â”€â”€â”€â”€â”€â”€â”€â”€â”€â”€â”€â”€â”€â”€â”€â”€â”€â”€â”€â”€â”€â”€â”€â”€â”€â”€â”€â”€â”€â”€â”€â”€â”€â”€â”€â”€â”€â”€â”€â”€â”€â”€â”€â”€â”€â”€â”€â”€â”€â”€â”€â”€â”€â”€â”€â”€â”€â”€â”€â”€â”€â”€â”€â”€â”[05;02Hâ”‚[05;79Hâ”‚[06;02Hâ”‚[06;79Hâ”‚[07;02Hâ”‚[07;79Hâ”‚[08;02Hâ”‚[08;79Hâ”‚[09;02Hâ”‚[09;79Hâ”‚[10;02Hâ”‚[10;79Hâ”‚[11;02Hâ”‚[11;79Hâ”‚[12;02Hâ”‚[12;79Hâ”‚[13;02Hâ”‚[13;79Hâ”‚[14;02Hâ”‚[14;79Hâ”‚[15;02Hâ”‚[15;79Hâ”‚[16;02Hâ”‚[16;79Hâ”‚[17;02Hâ”‚[17;79Hâ”‚[18;02Hâ””â”€â”€â”€â”€â”€â”€â”€â”€â”€â”€â”€â”€â”€â”€â”€â”€â”€â”€â”€â”€â”€â”€[18;24H[18;25Hâ”€â”€â”€â”€â”€â”€â”€â”€â”€â”€â”€â”€â”€â”€â”€â”€â”€â”€â”€â”€â”€â”€â”€â”€â”€â”€â”€â”€â”€â”€â”€â”€â”€â”€â”€â”€â”€â”€â”€â”€â”€â”€â”€â”€â”€â”€â”€â”€â”€â”€â”€â”€â”€â”€â”˜[20;02H     Use the â†‘ and â†“ keys to select which entry is highlighted.          
      Press enter to boot the selected OS, `e' to edit the commands       
      before booting or `c' for a command-line.                           [05;80H [05;03H[0;30;47m*MyOS                                                                       [06;03H[0m                                                                            [07;03H                                                                            [08;03H                                                                            [09;03H                                                                            [10;03H                                                                            [11;03H                                                                            [12;03H                                                                            [13;03H                                                                            [14;03H                                                                            [15;03H                                                                            [16;03H                                               [16;49H[16;50H                             [17;03H                                                                            [17;80H 





   The highlighted entry will be executed automatically in 3s.                 [05;78H

















   Th[23;05H[23;06He highlighted entry will be executed automatically in 2s.                 [05;78H

















   The highlighted entry will be executed automatically in 1s.                 [05;78H

















   The highlighted entry will be executed automatically in 0s.                 [01;01H[2J[2J  Booting `MyOS'

MyOS kernel started via serial
Starting welcome message
Verifying multiboot
Multiboot OK
Starting memory init
Starting timer init
Starting interrupt init
Starting process init
Starting keyboard init
Enabling interrupts
MyOS kernel started with Linux-like features
Starting shell init
Starting shell run
